     1 00000000                                 ; haribote-os boot asm
     2 00000000                                 ; TAB=4
     3 00000000                                 
     4  = 00280000                              BOTPAK EQU		0X00280000
     5  = 00100000                              DSKCAC EQU		0X00100000
     6  = 00008000                              DSKCAC0 EQU		0X00008000
     7 00000000                                 
     8 00000000                                 ; 有关BOOT_INFO
     9  = 00000FF0                              CYLS	EQU		0x0ff0			; 设定启动区
    10  = 00000FF1                              LEDS	EQU		0x0ff1
    11  = 00000FF2                              VMODE	EQU		0x0ff2			; 关于颜色数目的信息。颜色的位数
    12  = 00000FF4                              SCRNX	EQU		0x0ff4			; 分辨率X
    13  = 00000FF6                              SCRNY	EQU		0x0ff6			; 分辨率Y
    14  = 00000FF8                              VRAM	EQU		0x0ff8			; 图像缓存区的开始地址
    15 00000000                                 
    16                                          		ORG		0xc200			; 这个程序要被装载到内存的什么地方
    17 0000C200                                 
    18 0000C200 B0 13                           		MOV		AL,0x13			; VGA 显卡，320*200*8位彩色
    19 0000C202 B4 00                           		MOV		AH,0x00
    20 0000C204 CD 10                           		INT		0x10
    21 0000C206 C6 06 0FF2 08                   		MOV		BYTE [VMODE],8	; 记录画面模式
    22 0000C20B C7 06 0FF4 0140                 		MOV		WORD [SCRNX],320
    23 0000C211 C7 06 0FF6 00C8                 		MOV		WORD [SCRNY],200
    24 0000C217 66 C7 06 0FF8 000A0000          		MOV		DWORD [VRAM],0x000a0000
    25 0000C220                                 
    26 0000C220                                 ; 用BIOS取得键盘上各种LED指示灯的状态
    27 0000C220                                 
    28 0000C220 B4 02                           		MOV		AH,0x02
    29 0000C222 CD 16                           		INT		0x16 			; keyboard BIOS
    30 0000C224 A2 0FF1                         		MOV		[LEDS],AL
    31 0000C227                                 		
    32 0000C227 B0 FF                           		MOV		AL, 0xff
    33 0000C229 E6 21                           		OUT		0x21, AL
    34 0000C22B 90                              		NOP
    35 0000C22C E6 A1                           		OUT		0Xa1, AL
    36 0000C22E                                 		
    37 0000C22E                                 		CLT		
    38 0000C22E                                 		
    39 0000C22E                                 		
    40 0000C22E E8 00A0                         		CALL	waitkbdout
    41 0000C231 B0 D1                           		MOV		AL, 0xd1
    42 0000C233 E6 64                           		OUT		0x64, AL
    43 0000C235 E8 0099                         		CALL	waitkbdout
    44 0000C238 B0 DF                           		MOV		AL, 0xdf		; enable A20
    45 0000C23A E6 60                           		OUT		0x60, AL
    46 0000C23C E8 0092                         		CALL	waitkbdout
    47 0000C23F                                 		
    48 0000C23F                                 [INSTRSET "i486p"]
    49 0000C23F 0F 01 16 C30A                   		LGDT	[GDTR0]
    50 0000C244 0F 20 C0                        		MOV		EAX, CR0
    51 0000C247 66 25 7FFFFFFF                  		AND		EAX, 0x7fffffff
    52 0000C24D 66 83 C8 01                     		OR		EAX, 0X00000001
    53 0000C251 0F 22 C0                        		MOV		CR0, EAX
    54 0000C254 EB 00                           		JMP		pipelineflush
    55 0000C256                                 		
    56 0000C256                                 pipelineflush:
    57 0000C256 B8 0008                         		MOV		AX, 1*8
    58 0000C259 8E D8                           		MOV		DS, AX
    59 0000C25B 8E C0                           		MOV		ES, AX
    60 0000C25D 8E E0                           		MOV		FS, AX
    61 0000C25F 8E E8                           		MOV		GS, AX
    62 0000C261 8E D0                           		MOV		SS, AX
    63 0000C263                                 		
    64 0000C263 66 BE 0000C310                  		MOV		ESI, bootpact
    65 0000C269 66 BF 00280000                  		MOV		EDI, BOTPAK
    66 0000C26F 66 B9 00020000                  		MOV 	ECX, 512*1024/4
    67 0000C275 E8 0060                         		CALL	memcpy
    68 0000C278                                 		
    69 0000C278                                 		
    70 0000C278 66 BE 00008200                  		MOV		ESI, DSKCAC0 + 512
    71 0000C27E 66 BF 00100200                  		MOV		EDI, DSKCAC + 512
    72 0000C284 66 B9 00000000                  		MOV		ECX, 0
    73 0000C28A 8A 0E 0FF0                      		MOV		CL, BYTE[CYLS]
    74 0000C28E 66 69 C9 00001200               		IMUL	ECX, 512*18*2/4
    75 0000C295 66 81 E9 00000080               		SUB		ECX, 512/4
    76 0000C29C E8 0039                         		CALL	memcpy
    77 0000C29F                                 		
    78 0000C29F 66 BB 00280000                  		MOV		EBX, BOTPAK
    79 0000C2A5 67 66 8B 4B 10                  		MOV		ECX, [EBX + 16]
    80 0000C2AA 66 83 C1 03                     		ADD		ECX, 3		; ECX += 3;
    81 0000C2AE 66 C1 E9 02                     		SHR		ECX, 2		; ECX /= 4;
    82 0000C2B2 74 10                           		JZ		skip
    83 0000C2B4 67 66 8B 73 14                  		MOV		ESI, [EBX + 20]
    84 0000C2B9 66 01 DE                        		ADD		ESI, EBX
    85 0000C2BC 67 66 8B 7B 0C                  		MOV		EDI, [EBX + 12]
    86 0000C2C1 E8 0014                         		CALL	memcpy
    87 0000C2C4                                 		
    88 0000C2C4                                 skip:
    89 0000C2C4 67 66 8B 63 0C                  		MOV		ESP, [EBX + 12]
    90 0000C2C9 66 EA 0000001B 0010             		JMP		DWORD 2*8:0x0000001b
    91 0000C2D1                                 		
    92 0000C2D1                                 waitkbdout:
    93 0000C2D1 E4 64                           		IN		AL, 0x64
    94 0000C2D3 24 02                           		AND		AL, 0X02
    95 0000C2D5 75 FA                           		JNZ		waitkbdout
    96 0000C2D7 C3                              		RET
    97 0000C2D8                                 memcpy:
    98 0000C2D8 67 66 8B 06                     		MOV		EAX, [ESI]
    99 0000C2DC 66 83 C6 04                     		ADD		ESI, 4
   100 0000C2E0 67 66 89 07                     		MOV		[EDI], EAX
   101 0000C2E4 66 83 C7 04                     		ADD		EDI, 4
   102 0000C2E8 66 83 E9 01                     		SUB		ECX, 1
   103 0000C2EC 75 EA                           		JNZ		memcpy
   104 0000C2EE C3                              		RET
   105 0000C2EF                                 		
   106 0000C2EF 00                              		ALIGNB	16
   107 0000C2F0                                 		
   108 0000C2F0                                 GDT0:
   109 0000C2F0 00 00 00 00 00 00 00 00         		RESB	8
   110 0000C2F8 FFFF 0000 9200 00CF             		DW		0xffff, 0x0000, 0x9200, 0x00cf
   111 0000C300 FFFF 0000 9A28 0047             		DW		0xffff, 0x0000, 0x9a28, 0x0047
   112 0000C308                                 		
   113 0000C308 0000                            		DW		0
   114 0000C30A                                 		
   115 0000C30A                                 		
   116 0000C30A                                 GDTR0:
   117 0000C30A 0017                            		DW		8*3-1
   118 0000C30C 0000C2F0                        		DD		GDT0
   119 0000C310                                 		
   120 0000C310                                 		ALIGNB	16
   121 0000C310                                 		
   122 0000C310                                 bootpact:
